Flow report for main
Fri Feb  4 14:45:43 2022
Quartus II 64-Bit Version 15.0.0 Build 145 04/22/2015 SJ Web Edition


---------------------
; Table of Contents ;
---------------------
  1. Legal Notice
  2. Flow Summary
  3. Flow Settings
  4. Flow Non-Default Global Settings
  5. Flow Elapsed Time
  6. Flow OS Summary
  7. Flow Log
  8. Flow Messages
  9. Flow Suppressed Messages



----------------
; Legal Notice ;
----------------
Copyright (C) 1991-2015 Altera Corporation. All rights reserved.
Your use of Altera Corporation's design tools, logic functions 
and other software and tools, and its AMPP partner logic 
functions, and any output files from any of the foregoing 
(including device programming or simulation files), and any 
associated documentation or information are expressly subject 
to the terms and conditions of the Altera Program License 
Subscription Agreement, the Altera Quartus II License Agreement,
the Altera MegaCore Function License Agreement, or other 
applicable license agreement, including, without limitation, 
that your use is for the sole purpose of programming logic 
devices manufactured by Altera and sold by Altera or its 
authorized distributors.  Please refer to the applicable 
agreement for further details.



+---------------------------------------------------------------------------------+
; Flow Summary                                                                    ;
+------------------------------------+--------------------------------------------+
; Flow Status                        ; Successful - Fri Feb  4 14:45:43 2022      ;
; Quartus II 64-Bit Version          ; 15.0.0 Build 145 04/22/2015 SJ Web Edition ;
; Revision Name                      ; main                                       ;
; Top-level Entity Name              ; main                                       ;
; Family                             ; Cyclone IV E                               ;
; Device                             ; EP4CE22F17C6                               ;
; Timing Models                      ; Final                                      ;
; Total logic elements               ; 36 / 22,320 ( < 1 % )                      ;
;     Total combinational functions  ; 36 / 22,320 ( < 1 % )                      ;
;     Dedicated logic registers      ; 26 / 22,320 ( < 1 % )                      ;
; Total registers                    ; 27                                         ;
; Total pins                         ; 43 / 154 ( 28 % )                          ;
; Total virtual pins                 ; 0                                          ;
; Total memory bits                  ; 0 / 608,256 ( 0 % )                        ;
; Embedded Multiplier 9-bit elements ; 0 / 132 ( 0 % )                            ;
; Total PLLs                         ; 0 / 4 ( 0 % )                              ;
+------------------------------------+--------------------------------------------+


+-----------------------------------------+
; Flow Settings                           ;
+-------------------+---------------------+
; Option            ; Setting             ;
+-------------------+---------------------+
; Start date & time ; 02/04/2022 14:44:50 ;
; Main task         ; Compilation         ;
; Revision Name     ; main                ;
+-------------------+---------------------+


+----------------------------------------------------------------------------------------------------+
; Flow Non-Default Global Settings                                                                   ;
+--------------------------+------------------------------+---------------+-------------+------------+
; Assignment Name          ; Value                        ; Default Value ; Entity Name ; Section Id ;
+--------------------------+------------------------------+---------------+-------------+------------+
; COMPILER_SIGNATURE_ID    ; 123482354870.164398589000631 ; --            ; --          ; --         ;
; MAX_CORE_JUNCTION_TEMP   ; 85                           ; --            ; --          ; --         ;
; MIN_CORE_JUNCTION_TEMP   ; 0                            ; --            ; --          ; --         ;
; PROJECT_OUTPUT_DIRECTORY ; output_files                 ; --            ; --          ; --         ;
; SYNTHESIS_EFFORT         ; Fast                         ; Auto          ; --          ; --         ;
+--------------------------+------------------------------+---------------+-------------+------------+


+--------------------------------------------------------------------------------------------------------------------------+
; Flow Elapsed Time                                                                                                        ;
+----------------------+--------------+-------------------------+---------------------+------------------------------------+
; Module Name          ; Elapsed Time ; Average Processors Used ; Peak Virtual Memory ; Total CPU Time (on all processors) ;
+----------------------+--------------+-------------------------+---------------------+------------------------------------+
; Analysis & Synthesis ; 00:00:31     ; 1.0                     ; 953 MB              ; 00:00:24                           ;
; Fitter               ; 00:00:13     ; 1.0                     ; 1105 MB             ; 00:00:10                           ;
; Assembler            ; 00:00:02     ; 1.0                     ; 814 MB              ; 00:00:02                           ;
; Total                ; 00:00:46     ; --                      ; --                  ; 00:00:36                           ;
+----------------------+--------------+-------------------------+---------------------+------------------------------------+


+------------------------------------------------------------------------------------------+
; Flow OS Summary                                                                          ;
+----------------------+------------------+------------------+------------+----------------+
; Module Name          ; Machine Hostname ; OS Name          ; OS Version ; Processor type ;
+----------------------+------------------+------------------+------------+----------------+
; Analysis & Synthesis ; tip07            ; Debian GNU/Linux ; 10         ; x86_64         ;
; Fitter               ; tip07            ; Debian GNU/Linux ; 10         ; x86_64         ;
; Assembler            ; tip07            ; Debian GNU/Linux ; 10         ; x86_64         ;
+----------------------+------------------+------------------+------------+----------------+


------------
; Flow Log ;
------------
quartus_map main --write_settings_files=off
quartus_fit main --write_settings_files=off
quartus_asm main --write_settings_files=off



